<?xml version="1.0" encoding="UTF-8"?>
<testsuite xmlns:xsi="http://www.w3.org/2001/XMLSchema-instance" xsi:schemaLocation="https://maven.apache.org/surefire/maven-surefire-plugin/xsd/surefire-test-report.xsd" name="runner.TestRunner2" time="106.116" tests="55" errors="0" skipped="0" failures="2">
  <properties>
[...]
</properties>
  <testcase name="Given User navigates to the Free CRM url on the opened browser" classname="| swathitesting81 | testing123 | success |" time="0.002"/>
  <testcase name="Then Login page is displayed" classname="| swathitesting81 | testing123 | success |" time="0"/>
  <testcase name="Then User enters username as &quot;swathitesting81&quot; and password as &quot;testing123&quot;" classname="| swathitesting81 | testing123 | success |" time="0"/>
  <testcase name="Then User click on login button" classname="| swathitesting81 | testing123 | success |" time="0"/>
  <testcase name="Then login should be &quot;success&quot;" classname="| swathitesting81 | testing123 | success |" time="0"/>
  <testcase name="Then Validate home page title" classname="| swathitesting81 | testing123 | success |" time="0"/>
  <testcase name="| swathitesting81 | testing123 | success |" classname="| swathitesting81 | testing123 | success |" time="2.03"/>
  <testcase name="Given User navigates to the Free CRM url on the opened browser" classname="| swathi123testing | testing123 | success |" time="0"/>
  <testcase name="Then Login page is displayed" classname="| swathi123testing | testing123 | success |" time="0"/>
  <testcase name="Then User enters username as &quot;swathi123testing&quot; and password as &quot;testing123&quot;" classname="| swathi123testing | testing123 | success |" time="0"/>
  <testcase name="Then User click on login button" classname="| swathi123testing | testing123 | success |" time="0"/>
  <testcase name="Then login should be &quot;success&quot;" classname="| swathi123testing | testing123 | success |" time="0"/>
  <testcase name="Then Validate home page title" classname="| swathi123testing | testing123 | success |" time="0"/>
  <testcase name="| swathi123testing | testing123 | success |" classname="| swathi123testing | testing123 | success |" time="1.148"/>
  <testcase name="Given User navigates to the Free CRM url on the opened browser" classname="| swathi123testing | testing123 | Danniel | Josh | Manager |" time="0"/>
  <testcase name="Then Login page is displayed" classname="| swathi123testing | testing123 | Danniel | Josh | Manager |" time="0"/>
  <testcase name="Then User enters username as &quot;swathi123testing&quot; and password as &quot;testing123&quot;" classname="| swathi123testing | testing123 | Danniel | Josh | Manager |" time="0"/>
  <testcase name="Then User click on login button" classname="| swathi123testing | testing123 | Danniel | Josh | Manager |" time="0"/>
  <testcase name="Then Validate home page title" classname="| swathi123testing | testing123 | Danniel | Josh | Manager |" time="0"/>
  <testcase name="Then User switches and moves to new contacts page" classname="| swathi123testing | testing123 | Danniel | Josh | Manager |" time="0"/>
  <testcase name="Then Verify contacts page is displayed" classname="| swathi123testing | testing123 | Danniel | Josh | Manager |" time="0"/>
  <testcase name="Then User enters &quot;Danniel&quot; and &quot;Josh&quot; and &quot;Manager&quot;" classname="| swathi123testing | testing123 | Danniel | Josh | Manager |" time="0"/>
  <testcase name="Then User clicks on contacts tab" classname="| swathi123testing | testing123 | Danniel | Josh | Manager |" time="0"/>
  <testcase name="Then Verify the new created contact &quot;Danniel&quot; under contacts" classname="| swathi123testing | testing123 | Danniel | Josh | Manager |" time="0"/>
  <testcase name="| swathi123testing | testing123 | Danniel | Josh | Manager |" classname="| swathi123testing | testing123 | Danniel | Josh | Manager |" time="1.324"/>
  <testcase name="Given User navigates to the Free CRM url on the opened browser" classname="| swathi123testing | testing123 | Henry | Peter | Director |" time="0"/>
  <testcase name="Then Login page is displayed" classname="| swathi123testing | testing123 | Henry | Peter | Director |" time="0"/>
  <testcase name="Then User enters username as &quot;swathi123testing&quot; and password as &quot;testing123&quot;" classname="| swathi123testing | testing123 | Henry | Peter | Director |" time="0.001"/>
  <testcase name="Then User click on login button" classname="| swathi123testing | testing123 | Henry | Peter | Director |" time="0"/>
  <testcase name="Then Validate home page title" classname="| swathi123testing | testing123 | Henry | Peter | Director |" time="0"/>
  <testcase name="Then User switches and moves to new contacts page" classname="| swathi123testing | testing123 | Henry | Peter | Director |" time="0"/>
  <testcase name="Then Verify contacts page is displayed" classname="| swathi123testing | testing123 | Henry | Peter | Director |" time="0"/>
  <testcase name="Then User enters &quot;Henry&quot; and &quot;Peter&quot; and &quot;Director&quot;" classname="| swathi123testing | testing123 | Henry | Peter | Director |" time="0"/>
  <testcase name="Then User clicks on contacts tab" classname="| swathi123testing | testing123 | Henry | Peter | Director |" time="0"/>
  <testcase name="Then Verify the new created contact &quot;Henry&quot; under contacts" classname="| swathi123testing | testing123 | Henry | Peter | Director |" time="0"/>
  <testcase name="| swathi123testing | testing123 | Henry | Peter | Director |" classname="| swathi123testing | testing123 | Henry | Peter | Director |" time="1.119"/>
  <testcase name="Given User navigates to the Free CRM url on the opened browser" classname="| swathi123testing | testing123 | Sam | TechEngineer |" time="0"/>
  <testcase name="Then Login page is displayed" classname="| swathi123testing | testing123 | Sam | TechEngineer |" time="0"/>
  <testcase name="Then User enters username as &quot;swathi123testing&quot; and password as &quot;testing123&quot;" classname="| swathi123testing | testing123 | Sam | TechEngineer |" time="0"/>
  <testcase name="Then User click on login button" classname="| swathi123testing | testing123 | Sam | TechEngineer |" time="0"/>
  <testcase name="Then Validate home page title" classname="| swathi123testing | testing123 | Sam | TechEngineer |" time="0"/>
  <testcase name="Then User switches and moves to new contacts page" classname="| swathi123testing | testing123 | Sam | TechEngineer |" time="0"/>
  <testcase name="Then Verify contacts page is displayed" classname="| swathi123testing | testing123 | Sam | TechEngineer |" time="0"/>
  <testcase name="Then User enters only &quot;Sam&quot; and &quot;TechEngineer&quot;" classname="| swathi123testing | testing123 | Sam | TechEngineer |" time="0"/>
  <testcase name="Then User should get error message to enter firstname" classname="| swathi123testing | testing123 | Sam | TechEngineer |" time="0.008">
    <failure message="Expected Error Message and actual message not matching" type="java.lang.AssertionError">java.lang.AssertionError: Expected Error Message and actual message not matching
</failure>
  </testcase>
  <testcase name="| swathi123testing | testing123 | Sam | TechEngineer |" classname="| swathi123testing | testing123 | Sam | TechEngineer |" time="0.008">
    <failure message="Expected Error Message and actual message not matching" type="java.lang.AssertionError">java.lang.AssertionError: Expected Error Message and actual message not matching
</failure>
  </testcase>
  <testcase name="Given User navigates to the Free CRM url on the opened browser" classname="Scenario: Multiple deals creation using datatable" time="0"/>
  <testcase name="Then Login page is displayed" classname="Scenario: Multiple deals creation using datatable" time="0"/>
  <testcase name="Then User enters username and password" classname="Scenario: Multiple deals creation using datatable" time="0"/>
  <testcase name="Then User click on login button" classname="Scenario: Multiple deals creation using datatable" time="0"/>
  <testcase name="Then Validate home page title" classname="Scenario: Multiple deals creation using datatable" time="0"/>
  <testcase name="Then User switches and moves to new deals page" classname="Scenario: Multiple deals creation using datatable" time="0"/>
  <testcase name="Then Verify deals page is displayed" classname="Scenario: Multiple deals creation using datatable" time="0"/>
  <testcase name="Then User enters deal details and validate created user" classname="Scenario: Multiple deals creation using datatable" time="0"/>
  <testcase name="Scenario: Multiple deals creation using datatable" classname="Scenario: Multiple deals creation using datatable" time="1.031"/>
</testsuite>