<?xml version="1.0" encoding="UTF-8"?>
<testsuite xmlns:xsi="http://www.w3.org/2001/XMLSchema-instance" xsi:schemaLocation="https://maven.apache.org/surefire/maven-surefire-plugin/xsd/surefire-test-report.xsd" name="runner.TestRunner" time="113.777" tests="45" errors="0" skipped="0" failures="0">
  <properties>
[...]
</properties>
  <testcase name="Given User navigates to the Free CRM url on the opened browser" classname="| swathitesting81 | testing123 | success |" time="0.003"/>
  <testcase name="Then Login page is displayed" classname="| swathitesting81 | testing123 | success |" time="0"/>
  <testcase name="Then User enters username as &quot;swathitesting81&quot; and password as &quot;testing123&quot;" classname="| swathitesting81 | testing123 | success |" time="0"/>
  <testcase name="Then User click on login button" classname="| swathitesting81 | testing123 | success |" time="0"/>
  <testcase name="Then login should be &quot;success&quot;" classname="| swathitesting81 | testing123 | success |" time="0"/>
  <testcase name="Then Validate home page title" classname="| swathitesting81 | testing123 | success |" time="0"/>
  <testcase name="| swathitesting81 | testing123 | success |" classname="| swathitesting81 | testing123 | success |" time="1.006"/>
  <testcase name="Given User navigates to the Free CRM url on the opened browser" classname="| swathi123testing | testing123 | success |" time="0"/>
  <testcase name="Then Login page is displayed" classname="| swathi123testing | testing123 | success |" time="0"/>
  <testcase name="Then User enters username as &quot;swathi123testing&quot; and password as &quot;testing123&quot;" classname="| swathi123testing | testing123 | success |" time="0"/>
  <testcase name="Then User click on login button" classname="| swathi123testing | testing123 | success |" time="0"/>
  <testcase name="Then login should be &quot;success&quot;" classname="| swathi123testing | testing123 | success |" time="0"/>
  <testcase name="Then Validate home page title" classname="| swathi123testing | testing123 | success |" time="0"/>
  <testcase name="| swathi123testing | testing123 | success |" classname="| swathi123testing | testing123 | success |" time="0.873"/>
  <testcase name="Given User navigates to the Free CRM url on the opened browser" classname="| swathi123testing | testing123 | Danniel | Josh | Manager |" time="0"/>
  <testcase name="Then Login page is displayed" classname="| swathi123testing | testing123 | Danniel | Josh | Manager |" time="0"/>
  <testcase name="Then User enters username as &quot;swathi123testing&quot; and password as &quot;testing123&quot;" classname="| swathi123testing | testing123 | Danniel | Josh | Manager |" time="0"/>
  <testcase name="Then User click on login button" classname="| swathi123testing | testing123 | Danniel | Josh | Manager |" time="0"/>
  <testcase name="Then Validate home page title" classname="| swathi123testing | testing123 | Danniel | Josh | Manager |" time="0"/>
  <testcase name="Then User switches and moves to new contacts page" classname="| swathi123testing | testing123 | Danniel | Josh | Manager |" time="0"/>
  <testcase name="Then Verify contacts page is displayed" classname="| swathi123testing | testing123 | Danniel | Josh | Manager |" time="0"/>
  <testcase name="Then User enters &quot;Danniel&quot; and &quot;Josh&quot; and &quot;Manager&quot;" classname="| swathi123testing | testing123 | Danniel | Josh | Manager |" time="0"/>
  <testcase name="Then User clicks on contacts tab" classname="| swathi123testing | testing123 | Danniel | Josh | Manager |" time="0"/>
  <testcase name="Then Verify the new created contact &quot;Danniel&quot; under contacts" classname="| swathi123testing | testing123 | Danniel | Josh | Manager |" time="0"/>
  <testcase name="| swathi123testing | testing123 | Danniel | Josh | Manager |" classname="| swathi123testing | testing123 | Danniel | Josh | Manager |" time="0.923"/>
  <testcase name="Given User navigates to the Free CRM url on the opened browser" classname="| swathi123testing | testing123 | Henry | Peter | Director |" time="0"/>
  <testcase name="Then Login page is displayed" classname="| swathi123testing | testing123 | Henry | Peter | Director |" time="0"/>
  <testcase name="Then User enters username as &quot;swathi123testing&quot; and password as &quot;testing123&quot;" classname="| swathi123testing | testing123 | Henry | Peter | Director |" time="0"/>
  <testcase name="Then User click on login button" classname="| swathi123testing | testing123 | Henry | Peter | Director |" time="0"/>
  <testcase name="Then Validate home page title" classname="| swathi123testing | testing123 | Henry | Peter | Director |" time="0"/>
  <testcase name="Then User switches and moves to new contacts page" classname="| swathi123testing | testing123 | Henry | Peter | Director |" time="0"/>
  <testcase name="Then Verify contacts page is displayed" classname="| swathi123testing | testing123 | Henry | Peter | Director |" time="0"/>
  <testcase name="Then User enters &quot;Henry&quot; and &quot;Peter&quot; and &quot;Director&quot;" classname="| swathi123testing | testing123 | Henry | Peter | Director |" time="0.001"/>
  <testcase name="Then User clicks on contacts tab" classname="| swathi123testing | testing123 | Henry | Peter | Director |" time="0"/>
  <testcase name="Then Verify the new created contact &quot;Henry&quot; under contacts" classname="| swathi123testing | testing123 | Henry | Peter | Director |" time="0"/>
  <testcase name="| swathi123testing | testing123 | Henry | Peter | Director |" classname="| swathi123testing | testing123 | Henry | Peter | Director |" time="0.922"/>
  <testcase name="Given User navigates to the Free CRM url on the opened browser" classname="Scenario: Multiple deals creation using datatable" time="0"/>
  <testcase name="Then Login page is displayed" classname="Scenario: Multiple deals creation using datatable" time="0"/>
  <testcase name="Then User enters username and password" classname="Scenario: Multiple deals creation using datatable" time="0"/>
  <testcase name="Then User click on login button" classname="Scenario: Multiple deals creation using datatable" time="0"/>
  <testcase name="Then Validate home page title" classname="Scenario: Multiple deals creation using datatable" time="0"/>
  <testcase name="Then User switches and moves to new deals page" classname="Scenario: Multiple deals creation using datatable" time="0"/>
  <testcase name="Then Verify deals page is displayed" classname="Scenario: Multiple deals creation using datatable" time="0"/>
  <testcase name="Then User enters deal details and validate created user" classname="Scenario: Multiple deals creation using datatable" time="0"/>
  <testcase name="Scenario: Multiple deals creation using datatable" classname="Scenario: Multiple deals creation using datatable" time="0.96"/>
</testsuite>